30-06-2024 13:34:04 [ INFO ]    [ GalaxyBot ]: Starting GalaxyBot V4 - PaymentAPI
30-06-2024 13:34:13 [ INFO ]    [ GalaxyBot ]: Starting GalaxyBot V4 - PaymentAPI
30-06-2024 13:34:33 [ INFO ]    [ GalaxyBot ]: Starting GalaxyBot V4 - PaymentAPI
30-06-2024 13:50:36 [ INFO ]    [ GalaxyBot ]: Starting GalaxyBot V4 - NSFW Classifier
30-06-2024 13:50:36 [ INFO ]    [ MinIO ]    : Connecting to MinIO
30-06-2024 13:50:36 [ SUCCESS ] [ MinIO ]    : Connected to MinIO
30-06-2024 13:50:50 [ INFO ]    [ GalaxyBot ]: Starting GalaxyBot V4 - NSFW Classifier
30-06-2024 13:50:50 [ INFO ]    [ MinIO ]    : Connecting to MinIO
30-06-2024 13:50:50 [ SUCCESS ] [ MinIO ]    : Connected to MinIO
30-06-2024 13:51:20 [ INFO ]    [ GalaxyBot ]: Starting GalaxyBot V4 - NSFW Classifier
30-06-2024 13:51:20 [ INFO ]    [ MinIO ]    : Connecting to MinIO
30-06-2024 13:51:20 [ SUCCESS ] [ MinIO ]    : Connected to MinIO
30-06-2024 13:51:42 [ INFO ]    [ GalaxyBot ]: Starting GalaxyBot V4 - NSFW Classifier
30-06-2024 13:51:42 [ INFO ]    [ MinIO ]    : Connecting to MinIO
30-06-2024 13:51:42 [ SUCCESS ] [ MinIO ]    : Connected to MinIO
30-06-2024 13:51:57 [ INFO ]    [ GalaxyBot ]: Starting GalaxyBot V4 - NSFW Classifier
30-06-2024 13:51:57 [ SUCCESS ] [ MinIO ]    : Connected to MinIO
30-06-2024 13:51:57 [ INFO ]    [ WebServer ]: Starting Webserver
30-06-2024 13:51:57 [ INFO ]    [ MinIO ]    : Connecting to MinIO
30-06-2024 13:52:09 [ INFO ]    [ GalaxyBot ]: Starting GalaxyBot V4 - NSFW Classifier
30-06-2024 13:52:09 [ INFO ]    [ MinIO ]    : Connecting to MinIO
30-06-2024 13:52:09 [ INFO ]    [ WebServer ]: Starting Webserver
30-06-2024 13:52:09 [ SUCCESS ] [ MinIO ]    : Connected to MinIO
30-06-2024 13:52:42 [ INFO ]    [ GalaxyBot ]: Starting GalaxyBot V4 - NSFW Classifier
30-06-2024 13:52:42 [ INFO ]    [ MinIO ]    : Connecting to MinIO
30-06-2024 13:52:42 [ SUCCESS ] [ MinIO ]    : Connected to MinIO
30-06-2024 13:52:42 [ INFO ]    [ WebServer ]: Starting Webserver
30-06-2024 13:52:42 [ SUCCESS ] [ WebServer ]: WebServer started on port 10070
30-06-2024 13:53:54 [ INFO ]    [ GalaxyBot ]: Starting GalaxyBot V4 - NSFW Classifier
30-06-2024 13:53:54 [ INFO ]    [ MinIO ]    : Connecting to MinIO
30-06-2024 13:53:54 [ INFO ]    [ WebServer ]: Starting Webserver
30-06-2024 13:53:54 [ SUCCESS ] [ MinIO ]    : Connected to MinIO
30-06-2024 13:53:55 [ SUCCESS ] [ WebServer ]: WebServer started on port 10082
30-06-2024 13:54:35 [ DEBUG ]   [ WebServer ]: RequestURI /api/vi/classifyImage
30-06-2024 13:54:42 [ DEBUG ]   [ WebServer ]: RequestURI /api/v1/classifyImage
30-06-2024 13:55:23 [ INFO ]    [ MinIO ]    : Connecting to MinIO
30-06-2024 13:55:23 [ INFO ]    [ GalaxyBot ]: Starting GalaxyBot V4 - NSFW Classifier
30-06-2024 13:55:23 [ INFO ]    [ WebServer ]: Starting Webserver
30-06-2024 13:55:23 [ SUCCESS ] [ MinIO ]    : Connected to MinIO
30-06-2024 13:55:23 [ SUCCESS ] [ WebServer ]: WebServer started on port 10082
30-06-2024 13:55:25 [ DEBUG ]   [ WebServer ]: RequestURI /api/v1/classifyImage
30-06-2024 13:55:26 [ ERROR ]   [ WebServer ]: TypeError: Cannot read properties of null (reading 'classifyImage')
30-06-2024 13:55:57 [ INFO ]    [ GalaxyBot ]: Starting GalaxyBot V4 - NSFW Classifier
30-06-2024 13:55:57 [ INFO ]    [ MinIO ]    : Connecting to MinIO
30-06-2024 13:55:57 [ SUCCESS ] [ MinIO ]    : Connected to MinIO
30-06-2024 13:55:57 [ INFO ]    [ WebServer ]: Starting Webserver
30-06-2024 13:55:57 [ SUCCESS ] [ WebServer ]: WebServer started on port 10082
30-06-2024 13:55:58 [ DEBUG ]   [ WebServer ]: RequestURI /api/v1/classifyImage
30-06-2024 13:55:58 [ ERROR ]   [ WebServer ]: TypeError: Cannot read properties of null (reading 'classifyImage')
30-06-2024 13:56:18 [ INFO ]    [ GalaxyBot ]: Starting GalaxyBot V4 - NSFW Classifier
30-06-2024 13:56:18 [ INFO ]    [ MinIO ]    : Connecting to MinIO
30-06-2024 13:56:18 [ SUCCESS ] [ MinIO ]    : Connected to MinIO
30-06-2024 13:56:18 [ INFO ]    [ WebServer ]: Starting Webserver
30-06-2024 13:56:18 [ SUCCESS ] [ WebServer ]: WebServer started on port 10082
30-06-2024 13:56:20 [ DEBUG ]   [ WebServer ]: RequestURI /api/v1/classifyImage
30-06-2024 13:56:20 [ ERROR ]   [ WebServer ]: TypeError: Cannot read properties of null (reading 'classifyImage')
30-06-2024 13:59:29 [ INFO ]    [ MinIO ]    : Connecting to MinIO
30-06-2024 13:59:29 [ INFO ]    [ GalaxyBot ]: Starting GalaxyBot V4 - NSFW Classifier
30-06-2024 13:59:29 [ SUCCESS ] [ MinIO ]    : Connected to MinIO
30-06-2024 13:59:29 [ INFO ]    [ WebServer ]: Starting Webserver
30-06-2024 13:59:29 [ SUCCESS ] [ WebServer ]: WebServer started on port 10082
30-06-2024 13:59:31 [ DEBUG ]   [ WebServer ]: RequestURI /api/v1/classifyImage
30-06-2024 13:59:31 [ ERROR ]   [ WebServer ]: TypeError: Cannot read properties of null (reading 'classifyImage')
30-06-2024 13:59:56 [ INFO ]    [ GalaxyBot ]: Starting GalaxyBot V4 - NSFW Classifier
30-06-2024 13:59:56 [ INFO ]    [ MinIO ]    : Connecting to MinIO
30-06-2024 13:59:56 [ SUCCESS ] [ MinIO ]    : Connected to MinIO
30-06-2024 13:59:56 [ INFO ]    [ WebServer ]: Starting Webserver
30-06-2024 13:59:56 [ SUCCESS ] [ WebServer ]: WebServer started on port 10082
30-06-2024 13:59:57 [ DEBUG ]   [ WebServer ]: RequestURI /api/v1/classifyImage
30-06-2024 13:59:58 [ ERROR ]   [ WebServer ]: TypeError: Cannot read properties of null (reading 'classifyImage')
30-06-2024 14:00:12 [ INFO ]    [ GalaxyBot ]: Starting GalaxyBot V4 - NSFW Classifier
30-06-2024 14:00:12 [ INFO ]    [ MinIO ]    : Connecting to MinIO
30-06-2024 14:00:12 [ SUCCESS ] [ MinIO ]    : Connected to MinIO
30-06-2024 14:00:12 [ INFO ]    [ WebServer ]: Starting Webserver
30-06-2024 14:00:12 [ SUCCESS ] [ WebServer ]: WebServer started on port 10082
30-06-2024 14:00:14 [ DEBUG ]   [ WebServer ]: RequestURI /api/v1/classifyImage
30-06-2024 14:00:14 [ ERROR ]   [ WebServer ]: TypeError: Cannot read properties of null (reading 'classifyImage')
30-06-2024 14:00:40 [ INFO ]    [ GalaxyBot ]: Starting GalaxyBot V4 - NSFW Classifier
30-06-2024 14:00:40 [ INFO ]    [ MinIO ]    : Connecting to MinIO
30-06-2024 14:00:40 [ SUCCESS ] [ MinIO ]    : Connected to MinIO
30-06-2024 14:00:40 [ INFO ]    [ WebServer ]: Starting Webserver
30-06-2024 14:00:40 [ SUCCESS ] [ WebServer ]: WebServer started on port 10082
30-06-2024 14:00:42 [ DEBUG ]   [ WebServer ]: RequestURI /api/v1/classifyImage
30-06-2024 14:00:43 [ ERROR ]   [ WebServer ]: TypeError: Cannot read properties of null (reading 'classify')
30-06-2024 14:01:24 [ INFO ]    [ GalaxyBot ]: Starting GalaxyBot V4 - NSFW Classifier
30-06-2024 14:01:24 [ INFO ]    [ MinIO ]    : Connecting to MinIO
30-06-2024 14:01:24 [ SUCCESS ] [ MinIO ]    : Connected to MinIO
30-06-2024 14:01:24 [ INFO ]    [ NSFW ]     : Loading NSFW Model
30-06-2024 14:01:24 [ SUCCESS ] [ NSFW ]     : NSFW Model Loaded
30-06-2024 14:01:24 [ INFO ]    [ WebServer ]: Starting Webserver
30-06-2024 14:01:24 [ SUCCESS ] [ WebServer ]: WebServer started on port 10082
30-06-2024 14:02:20 [ INFO ]    [ GalaxyBot ]: Starting GalaxyBot V4 - NSFW Classifier
30-06-2024 14:02:20 [ INFO ]    [ MinIO ]    : Connecting to MinIO
30-06-2024 14:02:20 [ INFO ]    [ NSFW ]     : Loading NSFW Model
30-06-2024 14:02:20 [ SUCCESS ] [ MinIO ]    : Connected to MinIO
30-06-2024 14:02:20 [ SUCCESS ] [ NSFW ]     : NSFW Model Loaded
30-06-2024 14:02:20 [ INFO ]    [ WebServer ]: Starting Webserver
30-06-2024 14:02:21 [ SUCCESS ] [ WebServer ]: WebServer started on port 10082
30-06-2024 14:02:31 [ DEBUG ]   [ WebServer ]: RequestURI /api/v1/classifyImage
30-06-2024 14:02:31 [ ERROR ]   [ WebServer ]: TypeError: nsfw.classify is not a function
30-06-2024 14:04:56 [ INFO ]    [ MinIO ]    : Connecting to MinIO
30-06-2024 14:04:56 [ INFO ]    [ GalaxyBot ]: Starting GalaxyBot V4 - NSFW Classifier
30-06-2024 14:04:56 [ SUCCESS ] [ MinIO ]    : Connected to MinIO
30-06-2024 14:04:56 [ INFO ]    [ NSFW ]     : Loading NSFW Model
30-06-2024 14:04:56 [ SUCCESS ] [ NSFW ]     : NSFW Model Loaded
30-06-2024 14:04:56 [ INFO ]    [ WebServer ]: Starting Webserver
30-06-2024 14:04:57 [ SUCCESS ] [ WebServer ]: WebServer started on port 10082
30-06-2024 14:05:01 [ DEBUG ]   [ WebServer ]: RequestURI /api/v1/classifyImage
30-06-2024 14:05:01 [ ERROR ]   [ WebServer ]: TypeError: nsfw.classify is not a function
30-06-2024 14:05:18 [ INFO ]    [ GalaxyBot ]: Starting GalaxyBot V4 - NSFW Classifier
30-06-2024 14:05:18 [ INFO ]    [ MinIO ]    : Connecting to MinIO
30-06-2024 14:05:18 [ INFO ]    [ NSFW ]     : Loading NSFW Model
30-06-2024 14:05:18 [ SUCCESS ] [ MinIO ]    : Connected to MinIO
30-06-2024 14:05:22 [ SUCCESS ] [ NSFW ]     : NSFW Model Loaded
30-06-2024 14:05:22 [ INFO ]    [ WebServer ]: Starting Webserver
30-06-2024 14:05:22 [ SUCCESS ] [ WebServer ]: WebServer started on port 10082
30-06-2024 14:05:24 [ DEBUG ]   [ WebServer ]: RequestURI /api/v1/classifyImage
30-06-2024 14:05:24 [ ERROR ]   [ WebServer ]: TypeError [ERR_INVALID_ARG_TYPE]: The "chunk" argument must be of type string or an instance of Buffer or Uint8Array. Received undefined
30-06-2024 14:05:40 [ INFO ]    [ GalaxyBot ]: Starting GalaxyBot V4 - NSFW Classifier
30-06-2024 14:05:40 [ INFO ]    [ MinIO ]    : Connecting to MinIO
30-06-2024 14:05:40 [ SUCCESS ] [ MinIO ]    : Connected to MinIO
30-06-2024 14:05:40 [ INFO ]    [ NSFW ]     : Loading NSFW Model
30-06-2024 14:05:43 [ SUCCESS ] [ NSFW ]     : NSFW Model Loaded
30-06-2024 14:05:43 [ INFO ]    [ WebServer ]: Starting Webserver
30-06-2024 14:05:43 [ SUCCESS ] [ WebServer ]: WebServer started on port 10082
30-06-2024 14:05:45 [ DEBUG ]   [ WebServer ]: RequestURI /api/v1/classifyImage
30-06-2024 14:05:45 [ ERROR ]   [ WebServer ]: TypeError [ERR_INVALID_ARG_TYPE]: The "chunk" argument must be of type string or an instance of Buffer or Uint8Array. Received undefined
30-06-2024 14:06:22 [ INFO ]    [ GalaxyBot ]: Starting GalaxyBot V4 - NSFW Classifier
30-06-2024 14:06:22 [ INFO ]    [ MinIO ]    : Connecting to MinIO
30-06-2024 14:06:22 [ SUCCESS ] [ MinIO ]    : Connected to MinIO
30-06-2024 14:06:22 [ INFO ]    [ NSFW ]     : Loading NSFW Model
30-06-2024 14:06:26 [ INFO ]    [ WebServer ]: Starting Webserver
30-06-2024 14:06:26 [ SUCCESS ] [ NSFW ]     : NSFW Model Loaded
30-06-2024 14:06:26 [ SUCCESS ] [ WebServer ]: WebServer started on port 10082
30-06-2024 14:06:27 [ DEBUG ]   [ WebServer ]: RequestURI /api/v1/classifyImage
30-06-2024 14:07:28 [ INFO ]    [ GalaxyBot ]: Starting GalaxyBot V4 - NSFW Classifier
30-06-2024 14:07:28 [ INFO ]    [ MinIO ]    : Connecting to MinIO
30-06-2024 14:07:28 [ SUCCESS ] [ MinIO ]    : Connected to MinIO
30-06-2024 14:07:28 [ INFO ]    [ NSFW ]     : Loading NSFW Model
30-06-2024 14:07:32 [ INFO ]    [ WebServer ]: Starting Webserver
30-06-2024 14:07:32 [ SUCCESS ] [ NSFW ]     : NSFW Model Loaded
30-06-2024 14:07:32 [ SUCCESS ] [ WebServer ]: WebServer started on port 10082
30-06-2024 14:07:33 [ DEBUG ]   [ WebServer ]: RequestURI /api/v1/classifyImage
30-06-2024 14:08:07 [ INFO ]    [ GalaxyBot ]: Starting GalaxyBot V4 - NSFW Classifier
30-06-2024 14:08:07 [ INFO ]    [ MinIO ]    : Connecting to MinIO
30-06-2024 14:08:07 [ SUCCESS ] [ MinIO ]    : Connected to MinIO
30-06-2024 14:08:07 [ INFO ]    [ NSFW ]     : Loading NSFW Model
30-06-2024 14:08:11 [ INFO ]    [ WebServer ]: Starting Webserver
30-06-2024 14:08:11 [ SUCCESS ] [ NSFW ]     : NSFW Model Loaded
30-06-2024 14:08:11 [ SUCCESS ] [ WebServer ]: WebServer started on port 10082
30-06-2024 14:08:12 [ DEBUG ]   [ WebServer ]: RequestURI /api/v1/classifyImage
30-06-2024 14:08:57 [ INFO ]    [ MinIO ]    : Connecting to MinIO
30-06-2024 14:08:57 [ INFO ]    [ GalaxyBot ]: Starting GalaxyBot V4 - NSFW Classifier
30-06-2024 14:08:57 [ SUCCESS ] [ MinIO ]    : Connected to MinIO
30-06-2024 14:08:57 [ INFO ]    [ NSFW ]     : Loading NSFW Model
30-06-2024 14:09:02 [ INFO ]    [ WebServer ]: Starting Webserver
30-06-2024 14:09:02 [ SUCCESS ] [ NSFW ]     : NSFW Model Loaded
30-06-2024 14:09:02 [ SUCCESS ] [ WebServer ]: WebServer started on port 10082
30-06-2024 14:09:08 [ DEBUG ]   [ WebServer ]: RequestURI /api/v1/classifyImage
30-06-2024 14:15:41 [ DEBUG ]   [ WebServer ]: RequestURI /api/v1/classifyImage
30-06-2024 14:15:45 [ INFO ]    [ GalaxyBot ]: Starting GalaxyBot V4 - NSFW Classifier
30-06-2024 14:15:45 [ INFO ]    [ MinIO ]    : Connecting to MinIO
30-06-2024 14:15:45 [ SUCCESS ] [ MinIO ]    : Connected to MinIO
30-06-2024 14:15:45 [ INFO ]    [ NSFW ]     : Loading NSFW Model
30-06-2024 14:15:49 [ INFO ]    [ WebServer ]: Starting Webserver
30-06-2024 14:15:49 [ SUCCESS ] [ NSFW ]     : NSFW Model Loaded
30-06-2024 14:15:49 [ SUCCESS ] [ WebServer ]: WebServer started on port 10082
30-06-2024 14:15:49 [ DEBUG ]   [ WebServer ]: RequestURI /api/v1/classifyImage
30-06-2024 14:16:49 [ DEBUG ]   [ WebServer ]: RequestURI /api/v1/classifyImage
30-06-2024 14:33:46 [ DEBUG ]   [ WebServer ]: RequestURI /api/v1/classifyImage
30-06-2024 14:34:32 [ INFO ]    [ GalaxyBot ]: Starting GalaxyBot V4 - NSFW Classifier
30-06-2024 14:34:32 [ INFO ]    [ MinIO ]    : Connecting to MinIO
30-06-2024 14:34:32 [ INFO ]    [ NSFW ]     : Loading NSFW Model
30-06-2024 14:34:32 [ SUCCESS ] [ MinIO ]    : Connected to MinIO
30-06-2024 14:34:35 [ SUCCESS ] [ NSFW ]     : NSFW Model Loaded
30-06-2024 14:34:35 [ INFO ]    [ WebServer ]: Starting Webserver
30-06-2024 14:34:35 [ SUCCESS ] [ WebServer ]: WebServer started on port 10082
30-06-2024 14:34:40 [ DEBUG ]   [ WebServer ]: RequestURI /api/v1/classifyImage
30-06-2024 14:38:37 [ DEBUG ]   [ WebServer ]: RequestURI /api/v1/classifyImage
30-06-2024 14:39:31 [ INFO ]    [ GalaxyBot ]: Starting GalaxyBot V4 - NSFW Classifier
30-06-2024 14:39:31 [ INFO ]    [ MinIO ]    : Connecting to MinIO
30-06-2024 14:39:31 [ SUCCESS ] [ MinIO ]    : Connected to MinIO
30-06-2024 14:39:31 [ INFO ]    [ NSFW ]     : Loading NSFW Model
30-06-2024 14:39:35 [ INFO ]    [ WebServer ]: Starting Webserver
30-06-2024 14:39:35 [ SUCCESS ] [ NSFW ]     : NSFW Model Loaded
30-06-2024 14:39:35 [ SUCCESS ] [ WebServer ]: WebServer started on port 10082
30-06-2024 14:39:35 [ DEBUG ]   [ WebServer ]: RequestURI /api/v1/classifyImage
30-06-2024 14:41:16 [ DEBUG ]   [ WebServer ]: RequestURI /api/v1/classifyImage
30-06-2024 14:41:16 [ ERROR ]   [ WebServer ]: TypeError [ERR_INVALID_ARG_TYPE]: The "chunk" argument must be of type string or an instance of Buffer or Uint8Array. Received type boolean (true)
30-06-2024 14:41:20 [ DEBUG ]   [ WebServer ]: RequestURI /api/v1/classifyImage
30-06-2024 14:41:21 [ ERROR ]   [ WebServer ]: TypeError [ERR_INVALID_ARG_TYPE]: The "chunk" argument must be of type string or an instance of Buffer or Uint8Array. Received type boolean (true)
30-06-2024 14:41:50 [ DEBUG ]   [ WebServer ]: RequestURI /api/v1/classifyImage
30-06-2024 14:41:51 [ ERROR ]   [ WebServer ]: TypeError [ERR_INVALID_ARG_TYPE]: The "chunk" argument must be of type string or an instance of Buffer or Uint8Array. Received type boolean (true)
30-06-2024 14:42:09 [ DEBUG ]   [ WebServer ]: RequestURI /api/v1/classifyImage
30-06-2024 14:44:11 [ DEBUG ]   [ WebServer ]: RequestURI /api/v1/classifyImage
30-06-2024 14:44:16 [ DEBUG ]   [ WebServer ]: RequestURI /api/v1/classifyImage
30-06-2024 14:45:19 [ INFO ]    [ GalaxyBot ]: Starting GalaxyBot V4 - NSFW Classifier
30-06-2024 14:45:19 [ INFO ]    [ MinIO ]    : Connecting to MinIO
30-06-2024 14:45:19 [ SUCCESS ] [ MinIO ]    : Connected to MinIO
30-06-2024 14:45:19 [ INFO ]    [ NSFW ]     : Loading NSFW Model
30-06-2024 14:45:23 [ SUCCESS ] [ NSFW ]     : NSFW Model Loaded
30-06-2024 14:45:23 [ INFO ]    [ WebServer ]: Starting Webserver
30-06-2024 14:45:23 [ SUCCESS ] [ WebServer ]: WebServer started on port 10082
30-06-2024 14:45:25 [ DEBUG ]   [ WebServer ]: RequestURI /api/v1/classifyImage
30-06-2024 14:45:25 [ INFO ]    [ NSFW ]     : Image flagged as: undefined
30-06-2024 14:45:33 [ INFO ]    [ GalaxyBot ]: Starting GalaxyBot V4 - NSFW Classifier
30-06-2024 14:45:33 [ INFO ]    [ MinIO ]    : Connecting to MinIO
30-06-2024 14:45:33 [ SUCCESS ] [ MinIO ]    : Connected to MinIO
30-06-2024 14:45:33 [ INFO ]    [ NSFW ]     : Loading NSFW Model
30-06-2024 14:45:37 [ SUCCESS ] [ NSFW ]     : NSFW Model Loaded
30-06-2024 14:45:37 [ INFO ]    [ WebServer ]: Starting Webserver
30-06-2024 14:45:37 [ SUCCESS ] [ WebServer ]: WebServer started on port 10082
30-06-2024 14:45:37 [ DEBUG ]   [ WebServer ]: RequestURI /api/v1/classifyImage
30-06-2024 14:45:38 [ INFO ]    [ NSFW ]     : Image flagged as: [object Object]
30-06-2024 14:45:53 [ INFO ]    [ GalaxyBot ]: Starting GalaxyBot V4 - NSFW Classifier
30-06-2024 14:45:53 [ INFO ]    [ MinIO ]    : Connecting to MinIO
30-06-2024 14:45:53 [ INFO ]    [ NSFW ]     : Loading NSFW Model
30-06-2024 14:45:53 [ SUCCESS ] [ MinIO ]    : Connected to MinIO
30-06-2024 14:45:57 [ INFO ]    [ WebServer ]: Starting Webserver
30-06-2024 14:45:57 [ SUCCESS ] [ NSFW ]     : NSFW Model Loaded
30-06-2024 14:45:57 [ SUCCESS ] [ WebServer ]: WebServer started on port 10082
30-06-2024 14:46:02 [ DEBUG ]   [ WebServer ]: RequestURI /api/v1/classifyImage
30-06-2024 14:46:02 [ INFO ]    [ NSFW ]     : Image flagged as: [object Object]
30-06-2024 14:46:40 [ INFO ]    [ GalaxyBot ]: Starting GalaxyBot V4 - NSFW Classifier
30-06-2024 14:46:40 [ INFO ]    [ MinIO ]    : Connecting to MinIO
30-06-2024 14:46:40 [ SUCCESS ] [ MinIO ]    : Connected to MinIO
30-06-2024 14:46:40 [ INFO ]    [ NSFW ]     : Loading NSFW Model
30-06-2024 14:46:44 [ INFO ]    [ WebServer ]: Starting Webserver
30-06-2024 14:46:44 [ SUCCESS ] [ NSFW ]     : NSFW Model Loaded
30-06-2024 14:46:44 [ SUCCESS ] [ WebServer ]: WebServer started on port 10082
30-06-2024 14:46:45 [ DEBUG ]   [ WebServer ]: RequestURI /api/v1/classifyImage
30-06-2024 14:46:45 [ INFO ]    [ NSFW ]     : Image flagged as: undefined
30-06-2024 14:47:11 [ INFO ]    [ GalaxyBot ]: Starting GalaxyBot V4 - NSFW Classifier
30-06-2024 14:47:11 [ INFO ]    [ MinIO ]    : Connecting to MinIO
30-06-2024 14:47:11 [ SUCCESS ] [ MinIO ]    : Connected to MinIO
30-06-2024 14:47:11 [ INFO ]    [ NSFW ]     : Loading NSFW Model
30-06-2024 14:47:15 [ INFO ]    [ WebServer ]: Starting Webserver
30-06-2024 14:47:15 [ SUCCESS ] [ NSFW ]     : NSFW Model Loaded
30-06-2024 14:47:15 [ SUCCESS ] [ WebServer ]: WebServer started on port 10082
30-06-2024 14:47:16 [ DEBUG ]   [ WebServer ]: RequestURI /api/v1/classifyImage
30-06-2024 14:47:17 [ INFO ]    [ NSFW ]     : Image flagged as: undefined
30-06-2024 14:47:39 [ INFO ]    [ GalaxyBot ]: Starting GalaxyBot V4 - NSFW Classifier
30-06-2024 14:47:39 [ INFO ]    [ MinIO ]    : Connecting to MinIO
30-06-2024 14:47:39 [ INFO ]    [ NSFW ]     : Loading NSFW Model
30-06-2024 14:47:39 [ SUCCESS ] [ MinIO ]    : Connected to MinIO
30-06-2024 14:47:43 [ SUCCESS ] [ NSFW ]     : NSFW Model Loaded
30-06-2024 14:47:43 [ INFO ]    [ WebServer ]: Starting Webserver
30-06-2024 14:47:43 [ SUCCESS ] [ WebServer ]: WebServer started on port 10082
30-06-2024 14:47:44 [ DEBUG ]   [ WebServer ]: RequestURI /api/v1/classifyImage
30-06-2024 14:47:45 [ INFO ]    [ NSFW ]     : Image flagged as: Porn with a probability of 82%
30-06-2024 16:10:47 [ INFO ]    [ MinIO ]    : Connecting to MinIO
30-06-2024 16:10:47 [ INFO ]    [ GalaxyBot ]: Starting GalaxyBot V4 - NSFW Classifier
30-06-2024 16:10:47 [ SUCCESS ] [ MinIO ]    : Connected to MinIO
30-06-2024 16:10:47 [ INFO ]    [ NSFW ]     : Loading NSFW Model
30-06-2024 16:10:51 [ SUCCESS ] [ NSFW ]     : NSFW Model Loaded
30-06-2024 16:10:51 [ INFO ]    [ WebServer ]: Starting Webserver
30-06-2024 16:10:51 [ SUCCESS ] [ WebServer ]: WebServer started on port 10082
30-06-2024 16:10:54 [ DEBUG ]   [ WebServer ]: RequestURI /api/v1/classifyImage
30-06-2024 16:11:36 [ INFO ]    [ GalaxyBot ]: Starting GalaxyBot V4 - NSFW Classifier
30-06-2024 16:11:36 [ INFO ]    [ MinIO ]    : Connecting to MinIO
30-06-2024 16:11:36 [ SUCCESS ] [ MinIO ]    : Connected to MinIO
30-06-2024 16:11:36 [ INFO ]    [ NSFW ]     : Loading NSFW Model
30-06-2024 16:11:39 [ INFO ]    [ WebServer ]: Starting Webserver
30-06-2024 16:11:39 [ SUCCESS ] [ NSFW ]     : NSFW Model Loaded
30-06-2024 16:11:39 [ SUCCESS ] [ WebServer ]: WebServer started on port 10082
30-06-2024 16:11:41 [ DEBUG ]   [ WebServer ]: RequestURI /api/v1/classifyImage
30-06-2024 16:12:21 [ INFO ]    [ GalaxyBot ]: Starting GalaxyBot V4 - NSFW Classifier
30-06-2024 16:12:21 [ INFO ]    [ MinIO ]    : Connecting to MinIO
30-06-2024 16:12:21 [ SUCCESS ] [ MinIO ]    : Connected to MinIO
30-06-2024 16:12:21 [ INFO ]    [ NSFW ]     : Loading NSFW Model
30-06-2024 16:12:25 [ SUCCESS ] [ NSFW ]     : NSFW Model Loaded
30-06-2024 16:12:25 [ INFO ]    [ WebServer ]: Starting Webserver
30-06-2024 16:12:25 [ SUCCESS ] [ WebServer ]: WebServer started on port 10082
30-06-2024 16:12:26 [ DEBUG ]   [ WebServer ]: RequestURI /api/v1/classifyImage
30-06-2024 16:15:40 [ INFO ]    [ GalaxyBot ]: Starting GalaxyBot V4 - NSFW Classifier
30-06-2024 16:15:40 [ INFO ]    [ MinIO ]    : Connecting to MinIO
30-06-2024 16:15:40 [ SUCCESS ] [ MinIO ]    : Connected to MinIO
30-06-2024 16:15:40 [ INFO ]    [ NSFW ]     : Loading NSFW Model
30-06-2024 16:15:44 [ INFO ]    [ WebServer ]: Starting Webserver
30-06-2024 16:15:44 [ SUCCESS ] [ NSFW ]     : NSFW Model Loaded
30-06-2024 16:15:44 [ SUCCESS ] [ WebServer ]: WebServer started on port 10082
30-06-2024 16:15:51 [ DEBUG ]   [ WebServer ]: RequestURI /api/v1/classifyImage
30-06-2024 16:16:49 [ INFO ]    [ GalaxyBot ]: Starting GalaxyBot V4 - NSFW Classifier
30-06-2024 16:16:49 [ INFO ]    [ MinIO ]    : Connecting to MinIO
30-06-2024 16:16:49 [ INFO ]    [ NSFW ]     : Loading NSFW Model
30-06-2024 16:16:49 [ SUCCESS ] [ MinIO ]    : Connected to MinIO
30-06-2024 16:16:53 [ SUCCESS ] [ NSFW ]     : NSFW Model Loaded
30-06-2024 16:16:53 [ INFO ]    [ WebServer ]: Starting Webserver
30-06-2024 16:16:53 [ SUCCESS ] [ WebServer ]: WebServer started on port 10082
30-06-2024 16:16:54 [ DEBUG ]   [ WebServer ]: RequestURI /api/v1/classifyImage
30-06-2024 16:17:23 [ INFO ]    [ GalaxyBot ]: Starting GalaxyBot V4 - NSFW Classifier
30-06-2024 16:17:23 [ INFO ]    [ MinIO ]    : Connecting to MinIO
30-06-2024 16:17:23 [ INFO ]    [ NSFW ]     : Loading NSFW Model
30-06-2024 16:17:23 [ SUCCESS ] [ MinIO ]    : Connected to MinIO
30-06-2024 16:17:27 [ SUCCESS ] [ NSFW ]     : NSFW Model Loaded
30-06-2024 16:17:27 [ INFO ]    [ WebServer ]: Starting Webserver
30-06-2024 16:17:27 [ SUCCESS ] [ WebServer ]: WebServer started on port 10082
30-06-2024 16:17:31 [ INFO ]    [ GalaxyBot ]: Starting GalaxyBot V4 - NSFW Classifier
30-06-2024 16:17:31 [ INFO ]    [ MinIO ]    : Connecting to MinIO
30-06-2024 16:17:31 [ INFO ]    [ NSFW ]     : Loading NSFW Model
30-06-2024 16:17:31 [ SUCCESS ] [ MinIO ]    : Connected to MinIO
30-06-2024 16:17:35 [ SUCCESS ] [ NSFW ]     : NSFW Model Loaded
30-06-2024 16:17:35 [ INFO ]    [ WebServer ]: Starting Webserver
30-06-2024 16:17:35 [ SUCCESS ] [ WebServer ]: WebServer started on port 10082
30-06-2024 16:17:35 [ DEBUG ]   [ WebServer ]: RequestURI /api/v1/classifyImage
30-06-2024 16:17:36 [ INFO ]    [ NSFW ]     : NSFW Image Detected: undefined - Porn - 0.8237768411636353
30-06-2024 16:17:36 [ ERROR ]   [ WebServer ]: TypeError: fields.push is not a function
30-06-2024 16:18:00 [ INFO ]    [ GalaxyBot ]: Starting GalaxyBot V4 - NSFW Classifier
30-06-2024 16:18:00 [ INFO ]    [ MinIO ]    : Connecting to MinIO
30-06-2024 16:18:00 [ SUCCESS ] [ MinIO ]    : Connected to MinIO
30-06-2024 16:18:00 [ INFO ]    [ NSFW ]     : Loading NSFW Model
30-06-2024 16:18:03 [ SUCCESS ] [ NSFW ]     : NSFW Model Loaded
30-06-2024 16:18:03 [ INFO ]    [ WebServer ]: Starting Webserver
30-06-2024 16:18:03 [ SUCCESS ] [ WebServer ]: WebServer started on port 10082
30-06-2024 16:18:04 [ DEBUG ]   [ WebServer ]: RequestURI /api/v1/classifyImage
30-06-2024 16:18:05 [ INFO ]    [ NSFW ]     : NSFW Image Detected: undefined - Porn - 0.8237768411636353
30-06-2024 16:18:53 [ INFO ]    [ GalaxyBot ]: Starting GalaxyBot V4 - NSFW Classifier
30-06-2024 16:18:53 [ INFO ]    [ MinIO ]    : Connecting to MinIO
30-06-2024 16:18:53 [ INFO ]    [ NSFW ]     : Loading NSFW Model
30-06-2024 16:18:53 [ SUCCESS ] [ MinIO ]    : Connected to MinIO
30-06-2024 16:18:56 [ SUCCESS ] [ NSFW ]     : NSFW Model Loaded
30-06-2024 16:18:56 [ INFO ]    [ WebServer ]: Starting Webserver
30-06-2024 16:18:56 [ SUCCESS ] [ WebServer ]: WebServer started on port 10082
30-06-2024 16:18:57 [ DEBUG ]   [ WebServer ]: RequestURI /api/v1/classifyImage
30-06-2024 16:18:57 [ INFO ]    [ NSFW ]     : NSFW Image Detected: undefined - Porn - 0.8237768411636353
30-06-2024 16:20:24 [ INFO ]    [ GalaxyBot ]: Starting GalaxyBot V4 - NSFW Classifier
30-06-2024 16:20:24 [ INFO ]    [ MinIO ]    : Connecting to MinIO
30-06-2024 16:20:24 [ SUCCESS ] [ MinIO ]    : Connected to MinIO
30-06-2024 16:20:24 [ INFO ]    [ NSFW ]     : Loading NSFW Model
30-06-2024 16:20:28 [ SUCCESS ] [ NSFW ]     : NSFW Model Loaded
30-06-2024 16:20:28 [ INFO ]    [ WebServer ]: Starting Webserver
30-06-2024 16:20:28 [ SUCCESS ] [ WebServer ]: WebServer started on port 10082
30-06-2024 16:20:30 [ DEBUG ]   [ WebServer ]: RequestURI /api/v1/classifyImage
30-06-2024 16:21:03 [ DEBUG ]   [ WebServer ]: RequestURI /api/v1/classifyImage
30-06-2024 16:21:04 [ INFO ]    [ NSFW ]     : NSFW Image Detected: undefined - Porn - 0.8237768411636353
30-06-2024 16:22:33 [ INFO ]    [ GalaxyBot ]: Starting GalaxyBot V4 - NSFW Classifier
30-06-2024 16:22:33 [ INFO ]    [ MinIO ]    : Connecting to MinIO
30-06-2024 16:22:33 [ SUCCESS ] [ MinIO ]    : Connected to MinIO
30-06-2024 16:22:33 [ INFO ]    [ NSFW ]     : Loading NSFW Model
30-06-2024 16:22:37 [ INFO ]    [ WebServer ]: Starting Webserver
30-06-2024 16:22:37 [ SUCCESS ] [ NSFW ]     : NSFW Model Loaded
30-06-2024 16:22:37 [ SUCCESS ] [ WebServer ]: WebServer started on port 10082
30-06-2024 16:22:38 [ DEBUG ]   [ WebServer ]: RequestURI /api/v1/classifyImage
30-06-2024 16:22:38 [ INFO ]    [ NSFW ]     : NSFW Image Detected: undefined - Porn - 0.8237768411636353
30-06-2024 16:23:04 [ INFO ]    [ GalaxyBot ]: Starting GalaxyBot V4 - NSFW Classifier
30-06-2024 16:23:04 [ INFO ]    [ MinIO ]    : Connecting to MinIO
30-06-2024 16:23:04 [ SUCCESS ] [ MinIO ]    : Connected to MinIO
30-06-2024 16:23:04 [ INFO ]    [ NSFW ]     : Loading NSFW Model
30-06-2024 16:23:08 [ SUCCESS ] [ NSFW ]     : NSFW Model Loaded
30-06-2024 16:23:08 [ INFO ]    [ WebServer ]: Starting Webserver
30-06-2024 16:23:08 [ SUCCESS ] [ WebServer ]: WebServer started on port 10082
30-06-2024 16:23:31 [ INFO ]    [ GalaxyBot ]: Starting GalaxyBot V4 - NSFW Classifier
30-06-2024 16:23:31 [ INFO ]    [ MinIO ]    : Connecting to MinIO
30-06-2024 16:23:31 [ SUCCESS ] [ MinIO ]    : Connected to MinIO
30-06-2024 16:23:31 [ INFO ]    [ NSFW ]     : Loading NSFW Model
30-06-2024 16:23:35 [ INFO ]    [ WebServer ]: Starting Webserver
30-06-2024 16:23:35 [ SUCCESS ] [ NSFW ]     : NSFW Model Loaded
30-06-2024 16:23:35 [ SUCCESS ] [ WebServer ]: WebServer started on port 10082
30-06-2024 16:23:36 [ DEBUG ]   [ WebServer ]: RequestURI /api/v1/classifyImage
30-06-2024 16:23:36 [ INFO ]    [ NSFW ]     : NSFW Image Detected: Bild_2024-06-26_172359106[1].png - Porn - 0.8237768411636353
30-06-2024 16:23:50 [ DEBUG ]   [ WebServer ]: RequestURI /api/v1/classifyImage
30-06-2024 16:23:50 [ INFO ]    [ NSFW ]     : NSFW Image Detected: Bild_2024-06-26_172359106[1].png - Porn - 0.8237768411636353
30-06-2024 16:25:17 [ INFO ]    [ GalaxyBot ]: Starting GalaxyBot V4 - NSFW Classifier
30-06-2024 16:25:17 [ INFO ]    [ MinIO ]    : Connecting to MinIO
30-06-2024 16:25:17 [ INFO ]    [ NSFW ]     : Loading NSFW Model
30-06-2024 16:25:17 [ SUCCESS ] [ MinIO ]    : Connected to MinIO
30-06-2024 16:25:21 [ SUCCESS ] [ NSFW ]     : NSFW Model Loaded
30-06-2024 16:25:21 [ INFO ]    [ WebServer ]: Starting Webserver
30-06-2024 16:25:21 [ SUCCESS ] [ WebServer ]: WebServer started on port 10082
30-06-2024 16:25:23 [ DEBUG ]   [ WebServer ]: RequestURI /api/v1/classifyImage
30-06-2024 16:25:23 [ ERROR ]   [ WebServer ]: TypeError: Cannot read properties of undefined (reading 'push')
30-06-2024 16:25:23 [ INFO ]    [ NSFW ]     : NSFW Image Detected: Bild_2024-06-26_172359106[1].png - Porn - 0.8237768411636353
30-06-2024 16:26:04 [ INFO ]    [ GalaxyBot ]: Starting GalaxyBot V4 - NSFW Classifier
30-06-2024 16:26:04 [ INFO ]    [ MinIO ]    : Connecting to MinIO
30-06-2024 16:26:04 [ SUCCESS ] [ MinIO ]    : Connected to MinIO
30-06-2024 16:26:04 [ INFO ]    [ NSFW ]     : Loading NSFW Model
30-06-2024 16:26:08 [ SUCCESS ] [ NSFW ]     : NSFW Model Loaded
30-06-2024 16:26:08 [ INFO ]    [ WebServer ]: Starting Webserver
30-06-2024 16:26:08 [ SUCCESS ] [ WebServer ]: WebServer started on port 10082
30-06-2024 16:26:09 [ DEBUG ]   [ WebServer ]: RequestURI /api/v1/classifyImage
30-06-2024 16:26:10 [ INFO ]    [ NSFW ]     : NSFW Image Detected: Bild_2024-06-26_172359106[1].png - Porn - 0.8237768411636353
30-06-2024 16:27:23 [ INFO ]    [ GalaxyBot ]: Starting GalaxyBot V4 - NSFW Classifier
30-06-2024 16:27:23 [ INFO ]    [ MinIO ]    : Connecting to MinIO
30-06-2024 16:27:23 [ SUCCESS ] [ MinIO ]    : Connected to MinIO
30-06-2024 16:27:23 [ INFO ]    [ NSFW ]     : Loading NSFW Model
30-06-2024 16:27:27 [ INFO ]    [ WebServer ]: Starting Webserver
30-06-2024 16:27:27 [ SUCCESS ] [ NSFW ]     : NSFW Model Loaded
30-06-2024 16:27:27 [ SUCCESS ] [ WebServer ]: WebServer started on port 10082
30-06-2024 16:27:29 [ DEBUG ]   [ WebServer ]: RequestURI /api/v1/classifyImage
30-06-2024 16:27:29 [ ERROR ]   [ WebServer ]: TypeError: Cannot set properties of undefined (setting 'url')
30-06-2024 16:27:29 [ INFO ]    [ NSFW ]     : NSFW Image Detected: Bild_2024-06-26_172359106[1].png - Porn - 0.8237768411636353
30-06-2024 16:27:54 [ INFO ]    [ GalaxyBot ]: Starting GalaxyBot V4 - NSFW Classifier
30-06-2024 16:27:54 [ INFO ]    [ MinIO ]    : Connecting to MinIO
30-06-2024 16:27:54 [ SUCCESS ] [ MinIO ]    : Connected to MinIO
30-06-2024 16:27:54 [ INFO ]    [ NSFW ]     : Loading NSFW Model
30-06-2024 16:27:58 [ SUCCESS ] [ NSFW ]     : NSFW Model Loaded
30-06-2024 16:27:58 [ INFO ]    [ WebServer ]: Starting Webserver
30-06-2024 16:27:58 [ SUCCESS ] [ WebServer ]: WebServer started on port 10082
30-06-2024 16:28:00 [ DEBUG ]   [ WebServer ]: RequestURI /api/v1/classifyImage
30-06-2024 16:28:00 [ INFO ]    [ NSFW ]     : NSFW Image Detected: Bild_2024-06-26_172359106[1].png - Porn - 0.8237768411636353
30-06-2024 16:28:31 [ DEBUG ]   [ WebServer ]: RequestURI /api/v1/classifyImage
30-06-2024 16:28:32 [ INFO ]    [ NSFW ]     : NSFW Image Detected: Bild_2024-06-26_172359106[1].png - Porn - 0.8237768411636353
30-06-2024 16:31:32 [ DEBUG ]   [ WebServer ]: RequestURI /api/v1/classifyImage
30-06-2024 16:31:37 [ INFO ]    [ GalaxyBot ]: Starting GalaxyBot V4 - NSFW Classifier
30-06-2024 16:31:37 [ INFO ]    [ MinIO ]    : Connecting to MinIO
30-06-2024 16:31:37 [ INFO ]    [ NSFW ]     : Loading NSFW Model
30-06-2024 16:31:37 [ SUCCESS ] [ MinIO ]    : Connected to MinIO
30-06-2024 16:31:40 [ SUCCESS ] [ NSFW ]     : NSFW Model Loaded
30-06-2024 16:31:40 [ INFO ]    [ WebServer ]: Starting Webserver
30-06-2024 16:31:40 [ SUCCESS ] [ WebServer ]: WebServer started on port 10082
30-06-2024 16:31:42 [ DEBUG ]   [ WebServer ]: RequestURI /api/v1/classifyImage
30-06-2024 16:31:43 [ INFO ]    [ NSFW ]     : NSFW Image Detected: Bild_2024-06-26_172359106[1].png - Porn - 0.8237768411636353
30-06-2024 16:32:30 [ INFO ]    [ GalaxyBot ]: Starting GalaxyBot V4 - NSFW Classifier
30-06-2024 16:32:30 [ INFO ]    [ MinIO ]    : Connecting to MinIO
30-06-2024 16:32:30 [ SUCCESS ] [ MinIO ]    : Connected to MinIO
30-06-2024 16:32:30 [ INFO ]    [ NSFW ]     : Loading NSFW Model
30-06-2024 16:32:34 [ SUCCESS ] [ NSFW ]     : NSFW Model Loaded
30-06-2024 16:32:34 [ INFO ]    [ WebServer ]: Starting Webserver
30-06-2024 16:32:34 [ SUCCESS ] [ WebServer ]: WebServer started on port 10082
30-06-2024 16:32:34 [ DEBUG ]   [ WebServer ]: RequestURI /api/v1/classifyImage
30-06-2024 16:32:34 [ INFO ]    [ NSFW ]     : NSFW Image Detected: Bild_2024-06-26_172359106[1].png - Porn - 0.8237768411636353
30-06-2024 16:32:58 [ INFO ]    [ GalaxyBot ]: Starting GalaxyBot V4 - NSFW Classifier
30-06-2024 16:32:58 [ INFO ]    [ MinIO ]    : Connecting to MinIO
30-06-2024 16:32:58 [ SUCCESS ] [ MinIO ]    : Connected to MinIO
30-06-2024 16:32:58 [ INFO ]    [ NSFW ]     : Loading NSFW Model
30-06-2024 16:33:02 [ SUCCESS ] [ NSFW ]     : NSFW Model Loaded
30-06-2024 16:33:02 [ INFO ]    [ WebServer ]: Starting Webserver
30-06-2024 16:33:02 [ SUCCESS ] [ WebServer ]: WebServer started on port 10082
30-06-2024 16:33:05 [ DEBUG ]   [ WebServer ]: RequestURI /api/v1/classifyImage
30-06-2024 16:33:05 [ INFO ]    [ NSFW ]     : NSFW Image Detected: Bild_2024-06-26_172359106[1].png - Porn - 0.8237768411636353
30-06-2024 16:33:48 [ INFO ]    [ GalaxyBot ]: Starting GalaxyBot V4 - NSFW Classifier
30-06-2024 16:33:48 [ INFO ]    [ MinIO ]    : Connecting to MinIO
30-06-2024 16:33:48 [ SUCCESS ] [ MinIO ]    : Connected to MinIO
30-06-2024 16:33:48 [ INFO ]    [ NSFW ]     : Loading NSFW Model
30-06-2024 16:33:52 [ INFO ]    [ WebServer ]: Starting Webserver
30-06-2024 16:33:52 [ SUCCESS ] [ NSFW ]     : NSFW Model Loaded
30-06-2024 16:33:52 [ SUCCESS ] [ WebServer ]: WebServer started on port 10082
30-06-2024 16:34:37 [ INFO ]    [ GalaxyBot ]: Starting GalaxyBot V4 - NSFW Classifier
30-06-2024 16:34:37 [ SUCCESS ] [ MinIO ]    : Connected to MinIO
30-06-2024 16:34:37 [ INFO ]    [ MinIO ]    : Connecting to MinIO
30-06-2024 16:34:37 [ INFO ]    [ NSFW ]     : Loading NSFW Model
30-06-2024 16:34:41 [ INFO ]    [ WebServer ]: Starting Webserver
30-06-2024 16:34:41 [ SUCCESS ] [ NSFW ]     : NSFW Model Loaded
30-06-2024 16:34:41 [ SUCCESS ] [ WebServer ]: WebServer started on port 10082
30-06-2024 16:35:05 [ DEBUG ]   [ WebServer ]: RequestURI /api/v1/classifyImage
30-06-2024 16:35:06 [ INFO ]    [ NSFW ]     : NSFW Image Detected: Bild_2024-06-26_172359106[1].png - Porn - 0.8237768411636353
30-06-2024 16:38:02 [ INFO ]    [ GalaxyBot ]: Starting GalaxyBot V4 - NSFW Classifier
30-06-2024 16:38:02 [ INFO ]    [ MinIO ]    : Connecting to MinIO
30-06-2024 16:38:02 [ SUCCESS ] [ MinIO ]    : Connected to MinIO
30-06-2024 16:38:02 [ INFO ]    [ NSFW ]     : Loading NSFW Model
30-06-2024 16:38:06 [ SUCCESS ] [ NSFW ]     : NSFW Model Loaded
30-06-2024 16:38:06 [ INFO ]    [ WebServer ]: Starting Webserver
30-06-2024 16:38:06 [ SUCCESS ] [ WebServer ]: WebServer started on port 10082
30-06-2024 16:38:23 [ DEBUG ]   [ WebServer ]: RequestURI /api/v1/classifyImage
30-06-2024 16:38:23 [ INFO ]    [ NSFW ]     : NSFW Image Detected: Bild_2024-06-26_172359106[1].png - Porn - 0.8237768411636353
30-06-2024 16:38:23 [ INFO ]    [ NSFW ]     : Deleted Image: Bild_2024-06-26_172359106[1].png
30-06-2024 16:39:22 [ DEBUG ]   [ WebServer ]: RequestURI /api/v1/classifyImage
30-06-2024 16:39:23 [ INFO ]    [ NSFW ]     : NSFW Image Detected: 593088d215a174152420309[1].jpeg - Hentai - 0.9685990214347839
30-06-2024 16:39:23 [ INFO ]    [ NSFW ]     : Deleted Image: 593088d215a174152420309[1].jpeg
30-06-2024 16:40:11 [ INFO ]    [ GalaxyBot ]: Starting GalaxyBot V4 - NSFW Classifier
30-06-2024 16:40:11 [ INFO ]    [ MinIO ]    : Connecting to MinIO
30-06-2024 16:40:11 [ SUCCESS ] [ MinIO ]    : Connected to MinIO
30-06-2024 16:40:11 [ INFO ]    [ NSFW ]     : Loading NSFW Model
30-06-2024 16:40:15 [ SUCCESS ] [ NSFW ]     : NSFW Model Loaded
30-06-2024 16:40:15 [ INFO ]    [ WebServer ]: Starting Webserver
30-06-2024 16:40:15 [ SUCCESS ] [ WebServer ]: WebServer started on port 10082
30-06-2024 16:40:20 [ DEBUG ]   [ WebServer ]: RequestURI /api/v1/classifyImage
30-06-2024 16:40:20 [ ERROR ]   [ WebServer ]: Error: pixels passed to tf.browser.fromPixels() can not be null
30-06-2024 17:09:01 [ INFO ]    [ MinIO ]    : Connecting to MinIO
30-06-2024 17:09:01 [ INFO ]    [ NSFW ]     : Loading NSFW Model
30-06-2024 17:09:01 [ INFO ]    [ GalaxyBot ]: Starting GalaxyBot V4 - NSFW Classifier
30-06-2024 17:09:01 [ SUCCESS ] [ MinIO ]    : Connected to MinIO
30-06-2024 17:09:05 [ INFO ]    [ WebServer ]: Starting Webserver
30-06-2024 17:09:05 [ SUCCESS ] [ NSFW ]     : NSFW Model Loaded
30-06-2024 17:09:05 [ SUCCESS ] [ WebServer ]: WebServer started on port 10082
30-06-2024 17:09:07 [ DEBUG ]   [ WebServer ]: RequestURI /api/v1/classifyImage
30-06-2024 17:09:51 [ INFO ]    [ GalaxyBot ]: Starting GalaxyBot V4 - NSFW Classifier
30-06-2024 17:09:51 [ INFO ]    [ MinIO ]    : Connecting to MinIO
30-06-2024 17:09:51 [ INFO ]    [ NSFW ]     : Loading NSFW Model
30-06-2024 17:09:51 [ SUCCESS ] [ MinIO ]    : Connected to MinIO
30-06-2024 17:09:55 [ SUCCESS ] [ NSFW ]     : NSFW Model Loaded
30-06-2024 17:09:55 [ INFO ]    [ WebServer ]: Starting Webserver
30-06-2024 17:09:55 [ SUCCESS ] [ WebServer ]: WebServer started on port 10082
30-06-2024 17:09:55 [ DEBUG ]   [ WebServer ]: RequestURI /api/v1/classifyImage
30-06-2024 17:10:45 [ SUCCESS ] [ MinIO ]    : Connected to MinIO
30-06-2024 17:10:45 [ INFO ]    [ GalaxyBot ]: Starting GalaxyBot V4 - NSFW Classifier
30-06-2024 17:10:45 [ INFO ]    [ MinIO ]    : Connecting to MinIO
30-06-2024 17:10:45 [ INFO ]    [ NSFW ]     : Loading NSFW Model
30-06-2024 17:10:49 [ INFO ]    [ WebServer ]: Starting Webserver
30-06-2024 17:10:49 [ SUCCESS ] [ NSFW ]     : NSFW Model Loaded
30-06-2024 17:10:49 [ SUCCESS ] [ WebServer ]: WebServer started on port 10082
30-06-2024 18:14:09 [ DEBUG ]   [ WebServer ]: RequestURI /api/v1/classifyImage
30-06-2024 18:14:17 [ INFO ]    [ GalaxyBot ]: Starting GalaxyBot V4 - NSFW Classifier
30-06-2024 18:14:17 [ INFO ]    [ MinIO ]    : Connecting to MinIO
30-06-2024 18:14:17 [ SUCCESS ] [ MinIO ]    : Connected to MinIO
30-06-2024 18:14:17 [ INFO ]    [ NSFW ]     : Loading NSFW Model
30-06-2024 18:14:21 [ SUCCESS ] [ NSFW ]     : NSFW Model Loaded
30-06-2024 18:14:21 [ INFO ]    [ WebServer ]: Starting Webserver
30-06-2024 18:14:21 [ SUCCESS ] [ WebServer ]: WebServer started on port 10082
30-06-2024 18:14:21 [ DEBUG ]   [ WebServer ]: RequestURI /api/v1/classifyImage
30-06-2024 18:15:17 [ INFO ]    [ GalaxyBot ]: Starting GalaxyBot V4 - NSFW Classifier
30-06-2024 18:15:17 [ INFO ]    [ MinIO ]    : Connecting to MinIO
30-06-2024 18:15:17 [ INFO ]    [ NSFW ]     : Loading NSFW Model
30-06-2024 18:15:17 [ SUCCESS ] [ MinIO ]    : Connected to MinIO
30-06-2024 18:15:21 [ INFO ]    [ WebServer ]: Starting Webserver
30-06-2024 18:15:21 [ SUCCESS ] [ NSFW ]     : NSFW Model Loaded
30-06-2024 18:15:21 [ SUCCESS ] [ WebServer ]: WebServer started on port 10082
30-06-2024 18:15:24 [ DEBUG ]   [ WebServer ]: RequestURI /api/v1/classifyImage
30-06-2024 18:15:24 [ INFO ]    [ NSFW ]     : NSFW Image Detected: Bild_2024-06-26_172359106[3].png - Porn - 0.8237768411636353
30-06-2024 18:15:24 [ INFO ]    [ NSFW ]     : Deleted Image: Bild_2024-06-26_172359106[3].png
30-06-2024 18:17:41 [ INFO ]    [ GalaxyBot ]: Starting GalaxyBot V4 - NSFW Classifier
30-06-2024 18:17:41 [ INFO ]    [ MinIO ]    : Connecting to MinIO
30-06-2024 18:17:41 [ SUCCESS ] [ MinIO ]    : Connected to MinIO
30-06-2024 18:17:41 [ INFO ]    [ NSFW ]     : Loading NSFW Model
30-06-2024 18:17:45 [ SUCCESS ] [ NSFW ]     : NSFW Model Loaded
30-06-2024 18:17:45 [ INFO ]    [ WebServer ]: Starting Webserver
30-06-2024 18:17:45 [ SUCCESS ] [ WebServer ]: WebServer started on port 10082
30-06-2024 18:18:06 [ DEBUG ]   [ WebServer ]: RequestURI /api/v1/classifyImage
30-06-2024 18:18:08 [ DEBUG ]   [ WebServer ]: RequestURI /api/v1/classifyImage
30-06-2024 18:18:26 [ INFO ]    [ GalaxyBot ]: Starting GalaxyBot V4 - NSFW Classifier
30-06-2024 18:18:26 [ INFO ]    [ MinIO ]    : Connecting to MinIO
30-06-2024 18:18:26 [ SUCCESS ] [ MinIO ]    : Connected to MinIO
30-06-2024 18:18:26 [ INFO ]    [ NSFW ]     : Loading NSFW Model
30-06-2024 18:18:30 [ INFO ]    [ WebServer ]: Starting Webserver
30-06-2024 18:18:30 [ SUCCESS ] [ NSFW ]     : NSFW Model Loaded
30-06-2024 18:18:30 [ SUCCESS ] [ WebServer ]: WebServer started on port 10082
30-06-2024 18:18:30 [ DEBUG ]   [ WebServer ]: RequestURI /api/v1/classifyImage
30-06-2024 18:18:30 [ INFO ]    [ NSFW ]     : NSFW Image Detected: Bild_2024-06-26_172359106[3].png - Porn - 0.8237768411636353
30-06-2024 18:18:59 [ INFO ]    [ GalaxyBot ]: Starting GalaxyBot V4 - NSFW Classifier
30-06-2024 18:18:59 [ INFO ]    [ MinIO ]    : Connecting to MinIO
30-06-2024 18:18:59 [ INFO ]    [ NSFW ]     : Loading NSFW Model
30-06-2024 18:18:59 [ SUCCESS ] [ MinIO ]    : Connected to MinIO
30-06-2024 18:19:03 [ SUCCESS ] [ NSFW ]     : NSFW Model Loaded
30-06-2024 18:19:03 [ INFO ]    [ WebServer ]: Starting Webserver
30-06-2024 18:19:03 [ SUCCESS ] [ WebServer ]: WebServer started on port 10082
30-06-2024 18:19:45 [ INFO ]    [ GalaxyBot ]: Starting GalaxyBot V4 - NSFW Classifier
30-06-2024 18:19:45 [ INFO ]    [ MinIO ]    : Connecting to MinIO
30-06-2024 18:19:45 [ SUCCESS ] [ MinIO ]    : Connected to MinIO
30-06-2024 18:19:45 [ INFO ]    [ NSFW ]     : Loading NSFW Model
30-06-2024 18:19:48 [ SUCCESS ] [ NSFW ]     : NSFW Model Loaded
30-06-2024 18:19:48 [ INFO ]    [ WebServer ]: Starting Webserver
30-06-2024 18:19:48 [ SUCCESS ] [ WebServer ]: WebServer started on port 10082
30-06-2024 18:19:50 [ DEBUG ]   [ WebServer ]: RequestURI /api/v1/classifyImage
30-06-2024 18:19:50 [ INFO ]    [ NSFW ]     : NSFW Image Detected: Bild_2024-06-26_172359106[3].png - Porn - 0.8237768411636353
30-06-2024 18:19:57 [ DEBUG ]   [ WebServer ]: RequestURI /api/v1/classifyImage
30-06-2024 18:19:57 [ INFO ]    [ NSFW ]     : NSFW Image Detected: Bild_2024-06-26_172359106[3].png - Porn - 0.8237768411636353
30-06-2024 18:20:04 [ DEBUG ]   [ WebServer ]: RequestURI /api/v1/classifyImage
30-06-2024 18:20:04 [ ERROR ]   [ WebServer ]: S3Error: The specified key does not exist.
30-06-2024 18:21:01 [ INFO ]    [ GalaxyBot ]: Starting GalaxyBot V4 - NSFW Classifier
30-06-2024 18:21:01 [ INFO ]    [ MinIO ]    : Connecting to MinIO
30-06-2024 18:21:01 [ INFO ]    [ NSFW ]     : Loading NSFW Model
30-06-2024 18:21:01 [ SUCCESS ] [ MinIO ]    : Connected to MinIO
30-06-2024 18:21:04 [ SUCCESS ] [ NSFW ]     : NSFW Model Loaded
30-06-2024 18:21:04 [ INFO ]    [ WebServer ]: Starting Webserver
30-06-2024 18:21:04 [ SUCCESS ] [ WebServer ]: WebServer started on port 10082
30-06-2024 18:21:05 [ DEBUG ]   [ WebServer ]: RequestURI /api/v1/classifyImage
30-06-2024 18:21:05 [ ERROR ]   [ WebServer ]: S3Error: The specified key does not exist.
30-06-2024 18:21:27 [ INFO ]    [ GalaxyBot ]: Starting GalaxyBot V4 - NSFW Classifier
30-06-2024 18:21:27 [ INFO ]    [ MinIO ]    : Connecting to MinIO
30-06-2024 18:21:27 [ INFO ]    [ NSFW ]     : Loading NSFW Model
30-06-2024 18:21:27 [ SUCCESS ] [ MinIO ]    : Connected to MinIO
30-06-2024 18:21:30 [ SUCCESS ] [ NSFW ]     : NSFW Model Loaded
30-06-2024 18:21:30 [ INFO ]    [ WebServer ]: Starting Webserver
30-06-2024 18:21:30 [ SUCCESS ] [ WebServer ]: WebServer started on port 10082
30-06-2024 18:21:33 [ DEBUG ]   [ WebServer ]: RequestURI /api/v1/classifyImage
30-06-2024 18:21:33 [ ERROR ]   [ WebServer ]: The specified key does not exist.
30-06-2024 18:21:40 [ DEBUG ]   [ WebServer ]: RequestURI /api/v1/classifyImage
30-06-2024 18:21:40 [ INFO ]    [ NSFW ]     : NSFW Image Detected: Bild_2024-06-26_172359106[3].png - Porn - 0.8237768411636353
30-06-2024 18:22:35 [ INFO ]    [ GalaxyBot ]: Starting GalaxyBot V4 - NSFW Classifier
30-06-2024 18:22:35 [ INFO ]    [ MinIO ]    : Connecting to MinIO
30-06-2024 18:22:35 [ SUCCESS ] [ MinIO ]    : Connected to MinIO
30-06-2024 18:22:35 [ INFO ]    [ NSFW ]     : Loading NSFW Model
30-06-2024 18:22:39 [ SUCCESS ] [ NSFW ]     : NSFW Model Loaded
30-06-2024 18:22:39 [ INFO ]    [ WebServer ]: Starting Webserver
30-06-2024 18:22:39 [ SUCCESS ] [ WebServer ]: WebServer started on port 10082
30-06-2024 18:22:42 [ DEBUG ]   [ WebServer ]: RequestURI /api/v1/classifyImage
30-06-2024 18:22:43 [ INFO ]    [ NSFW ]     : NSFW Image Detected: Bild_2024-06-26_172359106[3].png - Porn - 0.8237768411636353
30-06-2024 18:23:46 [ INFO ]    [ GalaxyBot ]: Starting GalaxyBot V4 - NSFW Classifier
30-06-2024 18:23:46 [ INFO ]    [ MinIO ]    : Connecting to MinIO
30-06-2024 18:23:46 [ SUCCESS ] [ MinIO ]    : Connected to MinIO
30-06-2024 18:23:46 [ INFO ]    [ NSFW ]     : Loading NSFW Model
30-06-2024 18:23:50 [ INFO ]    [ WebServer ]: Starting Webserver
30-06-2024 18:23:50 [ SUCCESS ] [ NSFW ]     : NSFW Model Loaded
30-06-2024 18:23:50 [ SUCCESS ] [ WebServer ]: WebServer started on port 10082
30-06-2024 18:23:50 [ DEBUG ]   [ WebServer ]: RequestURI /api/v1/classifyImage
30-06-2024 18:23:50 [ INFO ]    [ NSFW ]     : NSFW Image Detected: Bild_2024-06-26_172359106[3].png - Porn - 0.8237768411636353
30-06-2024 18:24:24 [ INFO ]    [ GalaxyBot ]: Starting GalaxyBot V4 - NSFW Classifier
30-06-2024 18:24:24 [ INFO ]    [ MinIO ]    : Connecting to MinIO
30-06-2024 18:24:24 [ SUCCESS ] [ MinIO ]    : Connected to MinIO
30-06-2024 18:24:24 [ INFO ]    [ NSFW ]     : Loading NSFW Model
30-06-2024 18:24:28 [ SUCCESS ] [ NSFW ]     : NSFW Model Loaded
30-06-2024 18:24:28 [ INFO ]    [ WebServer ]: Starting Webserver
30-06-2024 18:24:28 [ SUCCESS ] [ WebServer ]: WebServer started on port 10082
30-06-2024 18:24:29 [ DEBUG ]   [ WebServer ]: RequestURI /api/v1/classifyImage
30-06-2024 18:24:29 [ INFO ]    [ NSFW ]     : NSFW Image Detected: Bild_2024-06-26_172359106[3].png - Porn - 0.8237768411636353
30-06-2024 18:26:16 [ DEBUG ]   [ WebServer ]: RequestURI /api/v1/classifyImage
30-06-2024 18:26:16 [ INFO ]    [ NSFW ]     : NSFW Image Detected: Bild_2024-06-26_172359106[3].png - Porn - 0.8237768411636353
30-06-2024 18:26:43 [ DEBUG ]   [ WebServer ]: RequestURI /api/v1/classifyImage
30-06-2024 18:26:43 [ INFO ]    [ NSFW ]     : NSFW Image Detected: Bild_2024-06-26_172359106[3].png - Porn - 0.8237768411636353
30-06-2024 18:26:44 [ INFO ]    [ NSFW ]     : Deleted Image: Bild_2024-06-26_172359106[3].png
30-06-2024 18:27:26 [ INFO ]    [ GalaxyBot ]: Starting GalaxyBot V4 - NSFW Classifier
30-06-2024 18:27:27 [ INFO ]    [ MinIO ]    : Connecting to MinIO
30-06-2024 18:27:27 [ INFO ]    [ NSFW ]     : Loading NSFW Model
30-06-2024 18:27:27 [ SUCCESS ] [ MinIO ]    : Connected to MinIO
30-06-2024 18:27:30 [ SUCCESS ] [ NSFW ]     : NSFW Model Loaded
30-06-2024 18:27:30 [ INFO ]    [ WebServer ]: Starting Webserver
30-06-2024 18:27:30 [ SUCCESS ] [ WebServer ]: WebServer started on port 10082
30-06-2024 18:27:48 [ DEBUG ]   [ WebServer ]: RequestURI /api/v1/classifyImage
30-06-2024 18:27:48 [ INFO ]    [ NSFW ]     : NSFW Image Detected: Bild_2024-06-26_172359106[3].png - Porn - 0.8237768411636353
30-06-2024 18:27:53 [ DEBUG ]   [ WebServer ]: RequestURI /api/v1/classifyImage
30-06-2024 18:27:53 [ INFO ]    [ NSFW ]     : NSFW Image Detected: Bild_2024-06-26_172359106[3].png - Porn - 0.8237768411636353
30-06-2024 18:27:54 [ DEBUG ]   [ WebServer ]: RequestURI /api/v1/classifyImage
30-06-2024 18:27:55 [ INFO ]    [ NSFW ]     : NSFW Image Detected: Bild_2024-06-26_172359106[3].png - Porn - 0.8237768411636353
30-06-2024 18:27:56 [ DEBUG ]   [ WebServer ]: RequestURI /api/v1/classifyImage
30-06-2024 18:27:56 [ INFO ]    [ NSFW ]     : NSFW Image Detected: Bild_2024-06-26_172359106[3].png - Porn - 0.8237768411636353
30-06-2024 18:27:58 [ DEBUG ]   [ WebServer ]: RequestURI /api/v1/classifyImage
30-06-2024 18:27:58 [ INFO ]    [ NSFW ]     : NSFW Image Detected: Bild_2024-06-26_172359106[3].png - Porn - 0.8237768411636353
30-06-2024 18:27:58 [ DEBUG ]   [ WebServer ]: RequestURI /api/v1/classifyImage
30-06-2024 18:27:59 [ INFO ]    [ NSFW ]     : NSFW Image Detected: Bild_2024-06-26_172359106[3].png - Porn - 0.8237768411636353
30-06-2024 18:27:59 [ DEBUG ]   [ WebServer ]: RequestURI /api/v1/classifyImage
30-06-2024 18:28:00 [ INFO ]    [ NSFW ]     : NSFW Image Detected: Bild_2024-06-26_172359106[3].png - Porn - 0.8237768411636353
30-06-2024 18:28:00 [ DEBUG ]   [ WebServer ]: RequestURI /api/v1/classifyImage
30-06-2024 18:28:01 [ INFO ]    [ NSFW ]     : NSFW Image Detected: Bild_2024-06-26_172359106[3].png - Porn - 0.8237768411636353
